3312
3311
55403
1900
55403
1900
5353
5353
5353
5353
5353
5353
5353
5353
5353
5353
5353
5353
5353
5353
5353
5353
5353
5353
5353
5353
33840
1900
5353
5353
33840
1900
5353
5353
5353
5353
5353
5353
5353
5353
5353
5353
5353
5353
5353
5353
5353
5353
5353
5353
5353
5353
5353
5353
5353
5353
5353
5353
5353
5353
5353
5353
5353
5353
9487
9478
5353
5353
5353
5353
5353
5353
5353
5353
5353
5353
5353
5353
5353
5353
5353
5353
5353
5353
5353
5353
5353
5353
5353
5353
5353
5353
5353
5353
5353
5353
5353
5353
5353
5353
5353
5353
5353
5353
56391
1900
56391
1900
4766
123
123
4766
137
137
137
137
5353
5353
5353
5353
5353
5353
5353
5353
5353
5353
5353
5353
5353
5353
5353
5353
5353
5353
5353
5353
5353
5353
5353
5353
5353
5353
5353
5353
5353
5353
5353
5353
5353
5353
5353
5353
5353
5353
5353
5353
5353
5353
5353
5353
5353
5353
24416
123
40911
123
123
24416
123
40911
49876
1900
43312
123
123
43312
9999
9999
49876
1900
36489
123
123
36489
5353
5353
3312
3311
5353
5353
5353
5353
5353
5353
34647
1900
34647
1900
5353
5353
5353
5353
5353
5353
5353
5353
5353
5353
5353
5353
50674
1900
50674
1900
5353
5353
5353
5353
33654
1900
33654
1900
5353
5353
5353
5353
5353
5353
5353
5353
5353
5353
5353
5353
5353
5353
5353
5353
5353
5353
5353
5353
5353
5353
5353
5353
5353
5353
5353
5353
5353
5353
5353
5353
5353
5353
5353
5353
5353
5353
5353
5353
5353
5353
9487
9478
5353
5353
3312
3311
10101
10101
3312
3311
55403
1900
55403
1900
9999
9999
5353
5353
33840
1900
33840
1900
5353
5353
9487
9478
5353
5353
5353
5353
5353
5353
5353
5353
5353
5353
9487
9478
5353
5353
5353
5353
5353
5353
5353
5353
5353
5353
5353
5353
56391
1900
56391
1900
3312
3311
9999
9999
49876
1900
49876
1900
9999
9999
34647
1900
34647
1900
9487
9478
33654
1900
33654
1900
5353
5353
5353
5353
9999
9999
55403
1900
55403
1900
56700
56700
4766
123
123
4766
5353
5353
5353
5353
5353
5353
5353
5353
24416
123
40911
123
123
24416
123
40911
5353
5353
33840
1900
5353
5353
33840
1900
5353
5353
5353
5353
5353
5353
5353
5353
5353
5353
5353
5353
36489
123
43312
123
123
36489
123
43312
5353
5353
5353
5353
5353
5353
3312
3311
56391
1900
5353
5353
56391
1900
51948
1900
51948
1900
51948
1900
51948
1900
51948
1900
51948
1900
51948
1900
51948
1900
49876
1900
49876
1900
34647
1900
34647
1900
9487
9478
46580
1900
46580
1900
41485
1900
46580
1900
41485
1900
46580
1900
5353
5353
41485
1900
41485
1900
46580
1900
46580
